<?xml version="1.0" encoding="UTF-8"?>
<!-- Generated by org.testng.reporters.JUnitReportReporter -->
<testsuite hostname="INFORMA-U973DMK" failures="0" tests="1" name="genericLibrary.ToReadSingleDatafromExcel" time="10.082" errors="0" timestamp="2024-02-08T21:28:49 IST" skipped="0">
  <testcase classname="genericLibrary.ToReadSingleDatafromExcel" name="loginUsingExcel" time="10.082"/>
  <system-out/>
</testsuite> <!-- genericLibrary.ToReadSingleDatafromExcel -->
