<?xml version="1.0" encoding="UTF-8"?>
<!-- Generated by org.testng.reporters.JUnitReportReporter -->
<testsuite hostname="INFORMA-U973DMK" failures="0" tests="5" name="workingWithUnitTestngTool.HelpingAttributeEnabledSkipTc" time="0.024" errors="0" timestamp="2024-01-23T20:21:38 IST" skipped="1">
  <testcase classname="workingWithUnitTestngTool.HelpingAttributeEnabledSkipTc" name="openbrowser" time="0.014"/>
  <system-out>
User is able to open browser  </system-out>
  <testcase classname="workingWithUnitTestngTool.HelpingAttributeEnabledSkipTc" name="url" time="0.001"/>
  <system-out>
User is able to enter url  </system-out>
  <testcase classname="workingWithUnitTestngTool.HelpingAttributeEnabledSkipTc" name="register" time="0.005"/>
  <system-out>
User is able to Register  </system-out>
  <testcase classname="workingWithUnitTestngTool.HelpingAttributeEnabledSkipTc" name="login" time="0.004"/>
  <system-out>
User is able to login  </system-out>
  <testcase classname="workingWithUnitTestngTool.HelpingAttributeEnabledSkipTc" name="logout">
    <skipped/>
  </testcase> <!-- logout -->
  <system-out/>
</testsuite> <!-- workingWithUnitTestngTool.HelpingAttributeEnabledSkipTc -->
