<?xml version="1.0" encoding="UTF-8"?>
<!-- Generated by org.testng.reporters.JUnitReportReporter -->
<testsuite hostname="INFORMA-U973DMK" failures="0" tests="2" name="workingWithUnitTestngTool.ChronologicalOrderAnnotations" time="0.014" errors="0" timestamp="2024-01-26T19:58:18 IST" skipped="0">
  <testcase classname="workingWithUnitTestngTool.ChronologicalOrderAnnotations" name="test" time="0.007"/>
  <system-out>
I am test  </system-out>
  <testcase classname="workingWithUnitTestngTool.ChronologicalOrderAnnotations" name="run" time="0.007"/>
  <system-out>
I am run  </system-out>
</testsuite> <!-- workingWithUnitTestngTool.ChronologicalOrderAnnotations -->
