<?xml version="1.0" encoding="UTF-8"?>
<!-- Generated by org.testng.reporters.JUnitReportReporter -->
<testsuite hostname="INFORMA-U973DMK" failures="0" tests="1" name="workingWithPom.TC_Register_001" time="10.907" errors="0" timestamp="2024-02-06T20:25:43 IST" skipped="0">
  <testcase classname="workingWithPom.TC_Register_001" name="register" time="10.907"/>
  <system-out/>
</testsuite> <!-- workingWithPom.TC_Register_001 -->
