<?xml version="1.0" encoding="UTF-8"?>
<!-- Generated by org.testng.reporters.JUnitReportReporter -->
<testsuite hostname="INFORMA-U973DMK" failures="0" tests="1" name="batchExecution.To_Launch_Apple" time="7.327" errors="0" timestamp="2024-01-25T20:52:32 IST" skipped="0">
  <testcase classname="batchExecution.To_Launch_Apple" name="apple" time="7.327"/>
  <system-out/>
</testsuite> <!-- batchExecution.To_Launch_Apple -->
