<?xml version="1.0" encoding="UTF-8"?>
<!-- Generated by org.testng.reporters.JUnitReportReporter -->
<testsuite hostname="INFORMA-U973DMK" failures="0" tests="3" name="workingWithUnitTestngTool.WorkingWithDataprovider" time="0.025" errors="0" timestamp="2024-01-30T19:40:01 IST" skipped="0">
  <testcase classname="workingWithUnitTestngTool.WorkingWithDataprovider" name="dataDemo" time="0.014"/>
  <system-out/>
  <testcase classname="workingWithUnitTestngTool.WorkingWithDataprovider" name="dataDemo" time="0.006"/>
  <system-out/>
  <testcase classname="workingWithUnitTestngTool.WorkingWithDataprovider" name="dataDemo" time="0.005"/>
  <system-out/>
</testsuite> <!-- workingWithUnitTestngTool.WorkingWithDataprovider -->
