<?xml version="1.0" encoding="UTF-8"?>
<!-- Generated by org.testng.reporters.JUnitReportReporter -->
<testsuite hostname="INFORMA-U973DMK" failures="0" tests="1" name="testNgDemoWebShop.TC_Demo_005" time="12.929" errors="0" timestamp="2024-01-31T21:41:56 IST" skipped="0">
  <testcase classname="testNgDemoWebShop.TC_Demo_005" name="clickEveryOptionOfHeaderMenu" time="12.929"/>
  <system-out/>
</testsuite> <!-- testNgDemoWebShop.TC_Demo_005 -->
