<?xml version="1.0" encoding="UTF-8"?>
<!-- Generated by org.testng.reporters.JUnitReportReporter -->
<testsuite hostname="INFORMA-U973DMK" failures="0" tests="2" name="workingWithUnitTestngTool.WorkingWithDataProvider1" time="0.014" errors="0" timestamp="2024-01-30T20:37:33 IST" skipped="0">
  <testcase classname="workingWithUnitTestngTool.WorkingWithDataProvider1" name="dataDemo" time="0.010"/>
  <system-out/>
  <testcase classname="workingWithUnitTestngTool.WorkingWithDataProvider1" name="dataDemo" time="0.004"/>
  <system-out/>
</testsuite> <!-- workingWithUnitTestngTool.WorkingWithDataProvider1 -->
