<?xml version="1.0" encoding="UTF-8"?>
<!-- Generated by org.testng.reporters.JUnitReportReporter -->
<testsuite hostname="INFORMA-U973DMK" failures="0" tests="2" name="workingWithUnitTestngTool.DataProviderActiTime" time="16.438" errors="0" timestamp="2024-01-30T20:58:54 IST" skipped="0">
  <testcase classname="workingWithUnitTestngTool.DataProviderActiTime" name="actiTime" time="7.952"/>
  <system-out/>
  <testcase classname="workingWithUnitTestngTool.DataProviderActiTime" name="actiTime" time="8.486"/>
  <system-out/>
</testsuite> <!-- workingWithUnitTestngTool.DataProviderActiTime -->
