<?xml version="1.0" encoding="UTF-8"?>
<!-- Generated by org.testng.reporters.JUnitReportReporter -->
<testsuite hostname="INFORMA-U973DMK" failures="0" tests="1" name="testNgDemoWebShop.TC_Demo_004" time="6.209" errors="0" timestamp="2024-01-31T14:32:04 IST" skipped="0">
  <testcase classname="testNgDemoWebShop.TC_Demo_004" name="community_poll" time="6.209"/>
  <system-out>
User is able to select poll good User is able to click on Vote button  </system-out>
</testsuite> <!-- testNgDemoWebShop.TC_Demo_004 -->
