<?xml version="1.0" encoding="UTF-8"?>
<!-- Generated by org.testng.reporters.JUnitReportReporter -->
<testsuite hostname="INFORMA-U973DMK" failures="0" tests="1" name="batchExecution.To_Launch_Flipkart" time="9.471" errors="0" timestamp="2024-01-25T20:52:32 IST" skipped="0">
  <testcase classname="batchExecution.To_Launch_Flipkart" name="flipkart" time="9.471"/>
  <system-out/>
</testsuite> <!-- batchExecution.To_Launch_Flipkart -->
