<?xml version="1.0" encoding="UTF-8"?>
<!-- Generated by org.testng.reporters.JUnitReportReporter -->
<testsuite hostname="INFORMA-U973DMK" failures="0" tests="1" name="workingWithUnitTestngTool.DemoClickEachOfTheMenuInHeader" time="22.084" errors="0" timestamp="2024-01-31T16:12:47 IST" skipped="0">
  <testcase classname="workingWithUnitTestngTool.DemoClickEachOfTheMenuInHeader" name="clickOnMenu" time="22.084"/>
  <system-out/>
</testsuite> <!-- workingWithUnitTestngTool.DemoClickEachOfTheMenuInHeader -->
