<?xml version="1.0" encoding="UTF-8"?>
<!-- Generated by org.testng.reporters.JUnitReportReporter -->
<testsuite hostname="INFORMA-U973DMK" failures="0" tests="3" name="workingWithUnitTestngTool.HelpAttributeParallelExe" time="77.425" errors="0" timestamp="2024-01-23T20:52:13 IST" skipped="0">
  <testcase classname="workingWithUnitTestngTool.HelpAttributeParallelExe" name="toLaunchDemoWebShop" time="25.804"/>
  <system-out/>
  <testcase classname="workingWithUnitTestngTool.HelpAttributeParallelExe" name="toLaunchDemoWebShop" time="25.816"/>
  <system-out/>
  <testcase classname="workingWithUnitTestngTool.HelpAttributeParallelExe" name="toLaunchDemoWebShop" time="25.805"/>
  <system-out/>
</testsuite> <!-- workingWithUnitTestngTool.HelpAttributeParallelExe -->
