<?xml version="1.0" encoding="UTF-8"?>
<!-- Generated by org.testng.reporters.JUnitReportReporter -->
<testsuite hostname="INFORMA-U973DMK" failures="0" tests="2" name="genericLibrary.ToReadMultipleDataFromExcel" time="19.817" errors="0" timestamp="2024-02-08T21:19:19 IST" skipped="0">
  <testcase classname="genericLibrary.ToReadMultipleDataFromExcel" name="login" time="9.835"/>
  <system-out/>
  <testcase classname="genericLibrary.ToReadMultipleDataFromExcel" name="login" time="9.982"/>
  <system-out/>
</testsuite> <!-- genericLibrary.ToReadMultipleDataFromExcel -->
