<?xml version="1.0" encoding="UTF-8"?>
<!-- Generated by org.testng.reporters.JUnitReportReporter -->
<testsuite hostname="INFORMA-U973DMK" failures="0" tests="1" name="testNgDemoWebShop.TC_Demo_001" time="6.065" errors="0" timestamp="2024-01-31T16:33:16 IST" skipped="0">
  <testcase classname="testNgDemoWebShop.TC_Demo_001" name="userIsAbleToClickonWishList" time="6.065"/>
  <system-out>
User is able to click on WishList link  </system-out>
</testsuite> <!-- testNgDemoWebShop.TC_Demo_001 -->
