<?xml version="1.0" encoding="UTF-8"?>
<!-- Generated by org.testng.reporters.JUnitReportReporter -->
<testsuite hostname="INFORMA-U973DMK" failures="0" tests="1" name="workingWithPom.TC_FT_001" time="12.415" errors="0" timestamp="2024-02-07T19:10:48 IST" skipped="0">
  <testcase classname="workingWithPom.TC_FT_001" name="clickOnBooksMenu" time="12.415"/>
  <system-out/>
</testsuite> <!-- workingWithPom.TC_FT_001 -->
