<?xml version="1.0" encoding="UTF-8"?>
<!-- Generated by org.testng.reporters.JUnitReportReporter -->
<testsuite hostname="INFORMA-U973DMK" failures="0" tests="1" name="methods.ToReadDataFromPropFileUsingUtilityMethod" time="7.658" errors="0" timestamp="2024-02-07T20:40:37 IST" skipped="0">
  <testcase classname="methods.ToReadDataFromPropFileUsingUtilityMethod" name="launchBrowser" time="7.658"/>
  <system-out/>
</testsuite> <!-- methods.ToReadDataFromPropFileUsingUtilityMethod -->
