<?xml version="1.0" encoding="UTF-8"?>
<!-- Generated by org.testng.reporters.JUnitReportReporter -->
<testsuite hostname="INFORMA-U973DMK" failures="0" tests="1" name="genericLibrary.ToReadDataFromRow" time="11.250" errors="0" timestamp="2024-02-08T20:48:19 IST" skipped="0">
  <testcase classname="genericLibrary.ToReadDataFromRow" name="loginDemoWebShop" time="11.250"/>
  <system-out/>
</testsuite> <!-- genericLibrary.ToReadDataFromRow -->
