<?xml version="1.0" encoding="UTF-8"?>
<!-- Generated by org.testng.reporters.JUnitReportReporter -->
<testsuite hostname="INFORMA-U973DMK" failures="0" tests="3" name="workingWithUnitTestngTool.WorkingWithDependsOnGroup" time="26.086" errors="0" timestamp="2024-01-31T20:49:56 IST" skipped="0">
  <testcase classname="workingWithUnitTestngTool.WorkingWithDependsOnGroup" name="rapido" time="7.372"/>
  <system-out/>
  <testcase classname="workingWithUnitTestngTool.WorkingWithDependsOnGroup" name="uber" time="7.295"/>
  <system-out/>
  <testcase classname="workingWithUnitTestngTool.WorkingWithDependsOnGroup" name="ola" time="11.419"/>
  <system-out/>
</testsuite> <!-- workingWithUnitTestngTool.WorkingWithDependsOnGroup -->
