<?xml version="1.0" encoding="UTF-8"?>
<!-- Generated by org.testng.reporters.JUnitReportReporter -->
<testsuite hostname="INFORMA-U973DMK" failures="0" tests="4" name="workingWithUnitTestngTool.Basic" time="0.016" errors="0" timestamp="2024-01-22T20:58:59 IST" skipped="0">
  <testcase classname="workingWithUnitTestngTool.Basic" name="demo" time="0.002"/>
  <system-out>
Hello testng  </system-out>
  <testcase classname="workingWithUnitTestngTool.Basic" name="register" time="0.001"/>
  <system-out>
User is able to register  </system-out>
  <testcase classname="workingWithUnitTestngTool.Basic" name="login" time="0.001"/>
  <system-out>
User is able to login  </system-out>
  <testcase classname="workingWithUnitTestngTool.Basic" name="cart" time="0.012"/>
  <system-out>
User is able to add product  </system-out>
</testsuite> <!-- workingWithUnitTestngTool.Basic -->
