<?xml version="1.0" encoding="UTF-8"?>
<!-- Generated by org.testng.reporters.JUnitReportReporter -->
<testsuite hostname="INFORMA-U973DMK" failures="0" tests="1" name="workingWithPom.AvoidStaleReferenceElementException" time="10.826" errors="0" timestamp="2024-02-07T20:10:06 IST" skipped="0">
  <testcase classname="workingWithPom.AvoidStaleReferenceElementException" name="testCase" time="10.826"/>
  <system-out/>
</testsuite> <!-- workingWithPom.AvoidStaleReferenceElementException -->
