<?xml version="1.0" encoding="UTF-8"?>
<!-- Generated by org.testng.reporters.JUnitReportReporter -->
<testsuite hostname="INFORMA-U973DMK" failures="0" tests="1" name="workingWithUnitTestngTool.CrossBrowserOptionalAnnotation" time="7.432" errors="0" timestamp="2024-02-05T20:06:31 IST" skipped="0">
  <testcase classname="workingWithUnitTestngTool.CrossBrowserOptionalAnnotation" name="browsers" time="7.432"/>
  <system-out/>
</testsuite> <!-- workingWithUnitTestngTool.CrossBrowserOptionalAnnotation -->
