<?xml version="1.0" encoding="UTF-8"?>
<!-- Generated by org.testng.reporters.JUnitReportReporter -->
<testsuite hostname="INFORMA-U973DMK" failures="0" tests="2" name="workingWithUnitTestngTool.WorkingWithDataproviderDemoReg" time="25.402" errors="0" timestamp="2024-01-31T18:56:31 IST" skipped="0">
  <testcase classname="workingWithUnitTestngTool.WorkingWithDataproviderDemoReg" name="demoReg" time="12.759"/>
  <system-out/>
  <testcase classname="workingWithUnitTestngTool.WorkingWithDataproviderDemoReg" name="demoReg" time="12.643"/>
  <system-out/>
</testsuite> <!-- workingWithUnitTestngTool.WorkingWithDataproviderDemoReg -->
