<?xml version="1.0" encoding="UTF-8"?>
<!-- Generated by org.testng.reporters.JUnitReportReporter -->
<testsuite hostname="INFORMA-U973DMK" failures="0" tests="1" name="testNgDemoWebShop.TC_Demo_003" time="5.858" errors="0" timestamp="2024-01-30T19:59:00 IST" skipped="0">
  <testcase classname="testNgDemoWebShop.TC_Demo_003" name="newsletter" time="5.858"/>
  <system-out/>
</testsuite> <!-- testNgDemoWebShop.TC_Demo_003 -->
