<?xml version="1.0" encoding="UTF-8"?>
<!-- Generated by org.testng.reporters.JUnitReportReporter -->
<testsuite hostname="INFORMA-U973DMK" failures="0" tests="5" name="workingWithUnitTestngTool.HelpAttrdependsOnMethods" time="0.020" errors="0" timestamp="2024-01-24T19:31:18 IST" skipped="0">
  <testcase classname="workingWithUnitTestngTool.HelpAttrdependsOnMethods" name="logout" time="0.001"/>
  <system-out>
User is able to logout  </system-out>
  <testcase classname="workingWithUnitTestngTool.HelpAttrdependsOnMethods" name="register" time="0.014"/>
  <system-out>
User is able to register  </system-out>
  <testcase classname="workingWithUnitTestngTool.HelpAttrdependsOnMethods" name="search" time="0.001"/>
  <system-out>
User is able to search  </system-out>
  <testcase classname="workingWithUnitTestngTool.HelpAttrdependsOnMethods" name="login" time="0.003"/>
  <system-out>
User is able to login  </system-out>
  <testcase classname="workingWithUnitTestngTool.HelpAttrdependsOnMethods" name="cart" time="0.001"/>
  <system-out>
User is able to add product tocart  </system-out>
</testsuite> <!-- workingWithUnitTestngTool.HelpAttrdependsOnMethods -->
