<?xml version="1.0" encoding="UTF-8"?>
<!-- Generated by org.testng.reporters.JUnitReportReporter -->
<testsuite hostname="INFORMA-U973DMK" failures="0" tests="1" name="batchExecution.To_Launch_Loreal" time="11.032" errors="0" timestamp="2024-01-25T19:37:08 IST" skipped="0">
  <testcase classname="batchExecution.To_Launch_Loreal" name="loreal" time="11.032"/>
  <system-out/>
</testsuite> <!-- batchExecution.To_Launch_Loreal -->
