<?xml version="1.0" encoding="UTF-8"?>
<!-- Generated by org.testng.reporters.JUnitReportReporter -->
<testsuite hostname="INFORMA-U973DMK" failures="0" tests="1" name="workingWithUnitTestngTool.ToWorkOlaUberRapidoGroupMovie" time="8.489" errors="0" timestamp="2024-01-31T20:49:56 IST" skipped="0">
  <testcase classname="workingWithUnitTestngTool.ToWorkOlaUberRapidoGroupMovie" name="movie" time="8.489"/>
  <system-out/>
</testsuite> <!-- workingWithUnitTestngTool.ToWorkOlaUberRapidoGroupMovie -->
