<?xml version="1.0" encoding="UTF-8"?>
<!-- Generated by org.testng.reporters.JUnitReportReporter -->
<testsuite hostname="INFORMA-U973DMK" failures="0" tests="6" name="workingWithUnitTestngTool.HelperAttPriority" time="0.025" errors="0" timestamp="2024-01-23T19:58:23 IST" skipped="0">
  <testcase classname="workingWithUnitTestngTool.HelperAttPriority" name="red" time="0.014"/>
  <system-out>
User is able to login  </system-out>
  <testcase classname="workingWithUnitTestngTool.HelperAttPriority" name="rose" time="0.004"/>
  <system-out>
User is able to search product  </system-out>
  <testcase classname="workingWithUnitTestngTool.HelperAttPriority" name="register" time="0.002"/>
  <system-out>
User is able to register  </system-out>
  <testcase classname="workingWithUnitTestngTool.HelperAttPriority" name="wishlist" time="0.002"/>
  <system-out>
User is able to add product to wishlist  </system-out>
  <testcase classname="workingWithUnitTestngTool.HelperAttPriority" name="cart" time="0.001"/>
  <system-out>
User is able to add product  </system-out>
  <testcase classname="workingWithUnitTestngTool.HelperAttPriority" name="logout" time="0.002"/>
  <system-out>
User is able to logout  </system-out>
</testsuite> <!-- workingWithUnitTestngTool.HelperAttPriority -->
