<?xml version="1.0" encoding="UTF-8"?>
<!-- Generated by org.testng.reporters.JUnitReportReporter -->
<testsuite hostname="INFORMA-U973DMK" failures="0" tests="1" name="workingWithUnitTestngTool.WorkingWithHardAssert" time="23.542" errors="0" timestamp="2024-02-02T20:14:56 IST" skipped="0">
  <testcase classname="workingWithUnitTestngTool.WorkingWithHardAssert" name="demoWeb" time="23.542"/>
  <system-out>
User is able to maximize the browser  </system-out>
</testsuite> <!-- workingWithUnitTestngTool.WorkingWithHardAssert -->
