<?xml version="1.0" encoding="UTF-8"?>
<!-- Generated by org.testng.reporters.JUnitReportReporter -->
<testsuite hostname="INFORMA-U973DMK" failures="0" tests="1" name="batchExecution.To_Launch_Lakme" time="10.187" errors="0" timestamp="2024-01-25T19:37:08 IST" skipped="0">
  <testcase classname="batchExecution.To_Launch_Lakme" name="lakme" time="10.187"/>
  <system-out/>
</testsuite> <!-- batchExecution.To_Launch_Lakme -->
