<?xml version="1.0" encoding="UTF-8"?>
<!-- Generated by org.testng.reporters.JUnitReportReporter -->
<testsuite hostname="INFORMA-U973DMK" failures="0" tests="1" name="workingWithUnitTestngTool.HelpAttrTimeOut" time="8.956" errors="0" timestamp="2024-01-23T20:59:09 IST" skipped="0">
  <testcase classname="workingWithUnitTestngTool.HelpAttrTimeOut" name="toLaunchDemoWebShop" time="8.956"/>
  <system-out/>
</testsuite> <!-- workingWithUnitTestngTool.HelpAttrTimeOut -->
