<?xml version="1.0" encoding="UTF-8"?>
<!-- Generated by org.testng.reporters.JUnitReportReporter -->
<testsuite hostname="INFORMA-U973DMK" failures="0" tests="1" name="workingWithUnitTestngTool.ReadingTheDataFromExcelUsingDataProvider" time="0.000" errors="0" timestamp="2024-01-31T20:02:30 IST" skipped="1">
  <testcase classname="workingWithUnitTestngTool.ReadingTheDataFromExcelUsingDataProvider" name="registerUser" time="0.000">
    <skipped/>
  </testcase> <!-- registerUser -->
  <system-out/>
</testsuite> <!-- workingWithUnitTestngTool.ReadingTheDataFromExcelUsingDataProvider -->
