<?xml version="1.0" encoding="UTF-8"?>
<!-- Generated by org.testng.reporters.JUnitReportReporter -->
<testsuite hostname="INFORMA-U973DMK" failures="0" tests="1" name="workingWithPom.TC_BasePage_001" time="10.994" errors="0" timestamp="2024-02-07T19:49:50 IST" skipped="0">
  <testcase classname="workingWithPom.TC_BasePage_001" name="searchAnItem" time="10.994"/>
  <system-out/>
</testsuite> <!-- workingWithPom.TC_BasePage_001 -->
